<?xml version="1.0" encoding="UTF-8"?>
<robot generator="Robot 4.1.2 (Python 3.10.1 on win32)" generated="20211214 20:04:10.209" rpa="false" schemaversion="2">
<suite id="s1" name="Tests" source="C:\Users\Allen\Desktop\Robot\tests">
<suite id="s1-s1" name="Logged In As Problem" source="C:\Users\Allen\Desktop\Robot\tests\logged_in_as_problem.robot">
<test id="s1-s1-t1" name="Problem Login">
<kw name="Open Browser" library="SeleniumLibrary">
<arg>https://www.saucedemo.com/</arg>
<arg>chrome</arg>
<doc>Opens a new browser instance to the optional ``url``.</doc>
<msg timestamp="20211214 20:04:10.421" level="INFO">Opening browser 'chrome' to base url 'https://www.saucedemo.com/'.</msg>
<status status="PASS" starttime="20211214 20:04:10.421" endtime="20211214 20:04:12.635"/>
</kw>
<kw name="Maximize Browser Window" library="SeleniumLibrary">
<doc>Maximizes current browser window.</doc>
<status status="PASS" starttime="20211214 20:04:12.635" endtime="20211214 20:04:12.762"/>
</kw>
<kw name="Page Should Contain Element" library="SeleniumLibrary">
<arg>login-button</arg>
<doc>Verifies that element ``locator`` is found on the current page.</doc>
<msg timestamp="20211214 20:04:12.783" level="INFO">Current page contains element 'login-button'.</msg>
<status status="PASS" starttime="20211214 20:04:12.763" endtime="20211214 20:04:12.783"/>
</kw>
<kw name="Input Text" library="SeleniumLibrary">
<arg>user-name</arg>
<arg>standard_user</arg>
<doc>Types the given ``text`` into the text field identified by ``locator``.</doc>
<msg timestamp="20211214 20:04:12.784" level="INFO">Typing text 'standard_user' into text field 'user-name'.</msg>
<status status="PASS" starttime="20211214 20:04:12.784" endtime="20211214 20:04:12.921"/>
</kw>
<kw name="Input Password" library="SeleniumLibrary">
<arg>password</arg>
<arg>secret_sauce</arg>
<doc>Types the given password into the text field identified by ``locator``.</doc>
<msg timestamp="20211214 20:04:12.922" level="INFO">Typing password into text field 'password'.</msg>
<msg timestamp="20211214 20:04:12.957" level="INFO">Temporally setting log level to: NONE</msg>
<msg timestamp="20211214 20:04:13.001" level="INFO">Log level changed from NONE to INFO.</msg>
<status status="PASS" starttime="20211214 20:04:12.922" endtime="20211214 20:04:13.001"/>
</kw>
<kw name="Click Button" library="SeleniumLibrary">
<arg>login-button</arg>
<doc>Clicks the button identified by ``locator``.</doc>
<msg timestamp="20211214 20:04:13.002" level="INFO">Clicking button 'login-button'.</msg>
<status status="PASS" starttime="20211214 20:04:13.001" endtime="20211214 20:04:13.074"/>
</kw>
<kw name="Element Text Should Be" library="SeleniumLibrary">
<arg>xpath://*[@id="item_4_title_link"]/div</arg>
<arg>Sauce Labs Backpack</arg>
<doc>Verifies that element ``locator`` contains exact the text ``expected``.</doc>
<msg timestamp="20211214 20:04:13.075" level="INFO">Verifying element 'xpath://*[@id="item_4_title_link"]/div' contains exact text 'Sauce Labs Backpack'.</msg>
<status status="PASS" starttime="20211214 20:04:13.075" endtime="20211214 20:04:13.093"/>
</kw>
<kw name="Close Browser" library="SeleniumLibrary" type="TEARDOWN">
<doc>Closes the current browser.</doc>
<status status="PASS" starttime="20211214 20:04:13.094" endtime="20211214 20:04:15.194"/>
</kw>
<status status="PASS" starttime="20211214 20:04:10.420" endtime="20211214 20:04:15.194"/>
</test>
<doc>A test suite with a single test for problem login

This test follows the example using keywords from
the SeleniumLibrary</doc>
<status status="PASS" starttime="20211214 20:04:10.233" endtime="20211214 20:04:15.195"/>
</suite>
<suite id="s1-s2" name="sort AtoZ" source="C:\Users\Allen\Desktop\Robot\tests\sort_AtoZ.robot">
<test id="s1-s2-t1" name="Sort A to Z">
<kw name="Open Browser" library="SeleniumLibrary">
<arg>https://www.saucedemo.com/</arg>
<arg>chrome</arg>
<doc>Opens a new browser instance to the optional ``url``.</doc>
<msg timestamp="20211214 20:04:15.201" level="INFO">Opening browser 'chrome' to base url 'https://www.saucedemo.com/'.</msg>
<status status="PASS" starttime="20211214 20:04:15.201" endtime="20211214 20:04:16.790"/>
</kw>
<kw name="Maximize Browser Window" library="SeleniumLibrary">
<doc>Maximizes current browser window.</doc>
<status status="PASS" starttime="20211214 20:04:16.791" endtime="20211214 20:04:16.930"/>
</kw>
<kw name="Page Should Contain Element" library="SeleniumLibrary">
<arg>login-button</arg>
<doc>Verifies that element ``locator`` is found on the current page.</doc>
<msg timestamp="20211214 20:04:16.959" level="INFO">Current page contains element 'login-button'.</msg>
<status status="PASS" starttime="20211214 20:04:16.930" endtime="20211214 20:04:16.959"/>
</kw>
<kw name="Input Text" library="SeleniumLibrary">
<arg>user-name</arg>
<arg>standard_user</arg>
<doc>Types the given ``text`` into the text field identified by ``locator``.</doc>
<msg timestamp="20211214 20:04:16.961" level="INFO">Typing text 'standard_user' into text field 'user-name'.</msg>
<status status="PASS" starttime="20211214 20:04:16.960" endtime="20211214 20:04:17.100"/>
</kw>
<kw name="Input Password" library="SeleniumLibrary">
<arg>password</arg>
<arg>secret_sauce</arg>
<doc>Types the given password into the text field identified by ``locator``.</doc>
<msg timestamp="20211214 20:04:17.101" level="INFO">Typing password into text field 'password'.</msg>
<msg timestamp="20211214 20:04:17.139" level="INFO">Temporally setting log level to: NONE</msg>
<msg timestamp="20211214 20:04:17.191" level="INFO">Log level changed from NONE to INFO.</msg>
<status status="PASS" starttime="20211214 20:04:17.101" endtime="20211214 20:04:17.191"/>
</kw>
<kw name="Click Button" library="SeleniumLibrary">
<arg>login-button</arg>
<doc>Clicks the button identified by ``locator``.</doc>
<msg timestamp="20211214 20:04:17.192" level="INFO">Clicking button 'login-button'.</msg>
<status status="PASS" starttime="20211214 20:04:17.191" endtime="20211214 20:04:17.292"/>
</kw>
<kw name="Select From List By Value" library="SeleniumLibrary">
<arg>css:*[data-test="product_sort_container"]</arg>
<arg>az</arg>
<doc>Selects options from selection list ``locator`` by ``values``.</doc>
<msg timestamp="20211214 20:04:17.293" level="INFO">Selecting options from selection list 'css:*[data-test="product_sort_container"]' by value az.</msg>
<status status="PASS" starttime="20211214 20:04:17.292" endtime="20211214 20:04:17.330"/>
</kw>
<kw name="Element Text Should Be" library="SeleniumLibrary">
<arg>xpath://*[@id="header_container"]/div[2]/div[2]/span/span</arg>
<arg>NAME (A TO Z)</arg>
<doc>Verifies that element ``locator`` contains exact the text ``expected``.</doc>
<msg timestamp="20211214 20:04:17.330" level="INFO">Verifying element 'xpath://*[@id="header_container"]/div[2]/div[2]/span/span' contains exact text 'NAME (A TO Z)'.</msg>
<status status="PASS" starttime="20211214 20:04:17.330" endtime="20211214 20:04:17.357"/>
</kw>
<kw name="Close Browser" library="SeleniumLibrary" type="TEARDOWN">
<doc>Closes the current browser.</doc>
<status status="PASS" starttime="20211214 20:04:17.357" endtime="20211214 20:04:19.475"/>
</kw>
<status status="PASS" starttime="20211214 20:04:15.200" endtime="20211214 20:04:19.475"/>
</test>
<doc>A test suite with a single test for a to z

This test follows the example using keywords from
the SeleniumLibrary</doc>
<status status="PASS" starttime="20211214 20:04:15.196" endtime="20211214 20:04:19.476"/>
</suite>
<suite id="s1-s3" name="Sort Hightolow" source="C:\Users\Allen\Desktop\Robot\tests\sort_hightolow.robot">
<test id="s1-s3-t1" name="Sort HiLo">
<kw name="Open Browser" library="SeleniumLibrary">
<arg>https://www.saucedemo.com/</arg>
<arg>chrome</arg>
<doc>Opens a new browser instance to the optional ``url``.</doc>
<msg timestamp="20211214 20:04:19.483" level="INFO">Opening browser 'chrome' to base url 'https://www.saucedemo.com/'.</msg>
<status status="PASS" starttime="20211214 20:04:19.483" endtime="20211214 20:04:20.954"/>
</kw>
<kw name="Maximize Browser Window" library="SeleniumLibrary">
<doc>Maximizes current browser window.</doc>
<status status="PASS" starttime="20211214 20:04:20.956" endtime="20211214 20:04:21.081"/>
</kw>
<kw name="Page Should Contain Element" library="SeleniumLibrary">
<arg>login-button</arg>
<doc>Verifies that element ``locator`` is found on the current page.</doc>
<msg timestamp="20211214 20:04:21.110" level="INFO">Current page contains element 'login-button'.</msg>
<status status="PASS" starttime="20211214 20:04:21.083" endtime="20211214 20:04:21.110"/>
</kw>
<kw name="Input Text" library="SeleniumLibrary">
<arg>user-name</arg>
<arg>standard_user</arg>
<doc>Types the given ``text`` into the text field identified by ``locator``.</doc>
<msg timestamp="20211214 20:04:21.111" level="INFO">Typing text 'standard_user' into text field 'user-name'.</msg>
<status status="PASS" starttime="20211214 20:04:21.111" endtime="20211214 20:04:21.307"/>
</kw>
<kw name="Input Password" library="SeleniumLibrary">
<arg>password</arg>
<arg>secret_sauce</arg>
<doc>Types the given password into the text field identified by ``locator``.</doc>
<msg timestamp="20211214 20:04:21.308" level="INFO">Typing password into text field 'password'.</msg>
<msg timestamp="20211214 20:04:21.351" level="INFO">Temporally setting log level to: NONE</msg>
<msg timestamp="20211214 20:04:21.410" level="INFO">Log level changed from NONE to INFO.</msg>
<status status="PASS" starttime="20211214 20:04:21.308" endtime="20211214 20:04:21.410"/>
</kw>
<kw name="Click Button" library="SeleniumLibrary">
<arg>login-button</arg>
<doc>Clicks the button identified by ``locator``.</doc>
<msg timestamp="20211214 20:04:21.412" level="INFO">Clicking button 'login-button'.</msg>
<status status="PASS" starttime="20211214 20:04:21.411" endtime="20211214 20:04:21.509"/>
</kw>
<kw name="Select From List By Value" library="SeleniumLibrary">
<arg>css:*[data-test="product_sort_container"]</arg>
<arg>hilo</arg>
<doc>Selects options from selection list ``locator`` by ``values``.</doc>
<msg timestamp="20211214 20:04:21.510" level="INFO">Selecting options from selection list 'css:*[data-test="product_sort_container"]' by value hilo.</msg>
<status status="PASS" starttime="20211214 20:04:21.510" endtime="20211214 20:04:21.593"/>
</kw>
<kw name="Element Text Should Be" library="SeleniumLibrary">
<arg>xpath://*[@id="header_container"]/div[2]/div[2]/span/span</arg>
<arg>PRICE (HIGH TO LOW)</arg>
<doc>Verifies that element ``locator`` contains exact the text ``expected``.</doc>
<msg timestamp="20211214 20:04:21.594" level="INFO">Verifying element 'xpath://*[@id="header_container"]/div[2]/div[2]/span/span' contains exact text 'PRICE (HIGH TO LOW)'.</msg>
<status status="PASS" starttime="20211214 20:04:21.593" endtime="20211214 20:04:21.619"/>
</kw>
<kw name="Close Browser" library="SeleniumLibrary" type="TEARDOWN">
<doc>Closes the current browser.</doc>
<status status="PASS" starttime="20211214 20:04:21.620" endtime="20211214 20:04:23.741"/>
</kw>
<status status="PASS" starttime="20211214 20:04:19.482" endtime="20211214 20:04:23.741"/>
</test>
<doc>A test suite with a single test for high to low

This test follows the example using keywords from
the SeleniumLibrary</doc>
<status status="PASS" starttime="20211214 20:04:19.477" endtime="20211214 20:04:23.743"/>
</suite>
<suite id="s1-s4" name="Sort Lowtohigh" source="C:\Users\Allen\Desktop\Robot\tests\sort_lowtohigh.robot">
<test id="s1-s4-t1" name="Sort LoHi">
<kw name="Open Browser" library="SeleniumLibrary">
<arg>https://www.saucedemo.com/</arg>
<arg>chrome</arg>
<doc>Opens a new browser instance to the optional ``url``.</doc>
<msg timestamp="20211214 20:04:23.753" level="INFO">Opening browser 'chrome' to base url 'https://www.saucedemo.com/'.</msg>
<status status="PASS" starttime="20211214 20:04:23.753" endtime="20211214 20:04:25.262"/>
</kw>
<kw name="Maximize Browser Window" library="SeleniumLibrary">
<doc>Maximizes current browser window.</doc>
<status status="PASS" starttime="20211214 20:04:25.263" endtime="20211214 20:04:25.445"/>
</kw>
<kw name="Page Should Contain Element" library="SeleniumLibrary">
<arg>login-button</arg>
<doc>Verifies that element ``locator`` is found on the current page.</doc>
<msg timestamp="20211214 20:04:25.472" level="INFO">Current page contains element 'login-button'.</msg>
<status status="PASS" starttime="20211214 20:04:25.446" endtime="20211214 20:04:25.472"/>
</kw>
<kw name="Input Text" library="SeleniumLibrary">
<arg>user-name</arg>
<arg>standard_user</arg>
<doc>Types the given ``text`` into the text field identified by ``locator``.</doc>
<msg timestamp="20211214 20:04:25.472" level="INFO">Typing text 'standard_user' into text field 'user-name'.</msg>
<status status="PASS" starttime="20211214 20:04:25.472" endtime="20211214 20:04:25.686"/>
</kw>
<kw name="Input Password" library="SeleniumLibrary">
<arg>password</arg>
<arg>secret_sauce</arg>
<doc>Types the given password into the text field identified by ``locator``.</doc>
<msg timestamp="20211214 20:04:25.687" level="INFO">Typing password into text field 'password'.</msg>
<msg timestamp="20211214 20:04:25.728" level="INFO">Temporally setting log level to: NONE</msg>
<msg timestamp="20211214 20:04:25.776" level="INFO">Log level changed from NONE to INFO.</msg>
<status status="PASS" starttime="20211214 20:04:25.687" endtime="20211214 20:04:25.776"/>
</kw>
<kw name="Click Button" library="SeleniumLibrary">
<arg>login-button</arg>
<doc>Clicks the button identified by ``locator``.</doc>
<msg timestamp="20211214 20:04:25.777" level="INFO">Clicking button 'login-button'.</msg>
<status status="PASS" starttime="20211214 20:04:25.777" endtime="20211214 20:04:25.882"/>
</kw>
<kw name="Select From List By Value" library="SeleniumLibrary">
<arg>css:*[data-test="product_sort_container"]</arg>
<arg>lohi</arg>
<doc>Selects options from selection list ``locator`` by ``values``.</doc>
<msg timestamp="20211214 20:04:25.882" level="INFO">Selecting options from selection list 'css:*[data-test="product_sort_container"]' by value lohi.</msg>
<status status="PASS" starttime="20211214 20:04:25.882" endtime="20211214 20:04:25.968"/>
</kw>
<kw name="Element Text Should Be" library="SeleniumLibrary">
<arg>xpath://*[@id="header_container"]/div[2]/div[2]/span/span</arg>
<arg>PRICE (LOW TO HIGH)</arg>
<doc>Verifies that element ``locator`` contains exact the text ``expected``.</doc>
<msg timestamp="20211214 20:04:25.969" level="INFO">Verifying element 'xpath://*[@id="header_container"]/div[2]/div[2]/span/span' contains exact text 'PRICE (LOW TO HIGH)'.</msg>
<status status="PASS" starttime="20211214 20:04:25.968" endtime="20211214 20:04:25.990"/>
</kw>
<kw name="Close Browser" library="SeleniumLibrary" type="TEARDOWN">
<doc>Closes the current browser.</doc>
<status status="PASS" starttime="20211214 20:04:25.990" endtime="20211214 20:04:28.096"/>
</kw>
<status status="PASS" starttime="20211214 20:04:23.750" endtime="20211214 20:04:28.096"/>
</test>
<doc>A test suite with a single test for sort low to high

This test follows the example using keywords from
the SeleniumLibrary</doc>
<status status="PASS" starttime="20211214 20:04:23.745" endtime="20211214 20:04:28.098"/>
</suite>
<suite id="s1-s5" name="sort ZtoA" source="C:\Users\Allen\Desktop\Robot\tests\sort_ZtoA.robot">
<test id="s1-s5-t1" name="Sort Z to A">
<kw name="Open Browser" library="SeleniumLibrary">
<arg>https://www.saucedemo.com/</arg>
<arg>chrome</arg>
<doc>Opens a new browser instance to the optional ``url``.</doc>
<msg timestamp="20211214 20:04:28.105" level="INFO">Opening browser 'chrome' to base url 'https://www.saucedemo.com/'.</msg>
<status status="PASS" starttime="20211214 20:04:28.105" endtime="20211214 20:04:29.607"/>
</kw>
<kw name="Maximize Browser Window" library="SeleniumLibrary">
<doc>Maximizes current browser window.</doc>
<status status="PASS" starttime="20211214 20:04:29.610" endtime="20211214 20:04:29.754"/>
</kw>
<kw name="Page Should Contain Element" library="SeleniumLibrary">
<arg>login-button</arg>
<doc>Verifies that element ``locator`` is found on the current page.</doc>
<msg timestamp="20211214 20:04:29.778" level="INFO">Current page contains element 'login-button'.</msg>
<status status="PASS" starttime="20211214 20:04:29.755" endtime="20211214 20:04:29.778"/>
</kw>
<kw name="Input Text" library="SeleniumLibrary">
<arg>user-name</arg>
<arg>standard_user</arg>
<doc>Types the given ``text`` into the text field identified by ``locator``.</doc>
<msg timestamp="20211214 20:04:29.779" level="INFO">Typing text 'standard_user' into text field 'user-name'.</msg>
<status status="PASS" starttime="20211214 20:04:29.778" endtime="20211214 20:04:29.996"/>
</kw>
<kw name="Input Password" library="SeleniumLibrary">
<arg>password</arg>
<arg>secret_sauce</arg>
<doc>Types the given password into the text field identified by ``locator``.</doc>
<msg timestamp="20211214 20:04:29.998" level="INFO">Typing password into text field 'password'.</msg>
<msg timestamp="20211214 20:04:30.051" level="INFO">Temporally setting log level to: NONE</msg>
<msg timestamp="20211214 20:04:30.120" level="INFO">Log level changed from NONE to INFO.</msg>
<status status="PASS" starttime="20211214 20:04:29.997" endtime="20211214 20:04:30.120"/>
</kw>
<kw name="Click Button" library="SeleniumLibrary">
<arg>login-button</arg>
<doc>Clicks the button identified by ``locator``.</doc>
<msg timestamp="20211214 20:04:30.121" level="INFO">Clicking button 'login-button'.</msg>
<status status="PASS" starttime="20211214 20:04:30.121" endtime="20211214 20:04:30.239"/>
</kw>
<kw name="Select From List By Value" library="SeleniumLibrary">
<arg>css:*[data-test="product_sort_container"]</arg>
<arg>za</arg>
<doc>Selects options from selection list ``locator`` by ``values``.</doc>
<msg timestamp="20211214 20:04:30.240" level="INFO">Selecting options from selection list 'css:*[data-test="product_sort_container"]' by value za.</msg>
<status status="PASS" starttime="20211214 20:04:30.240" endtime="20211214 20:04:30.319"/>
</kw>
<kw name="Element Text Should Be" library="SeleniumLibrary">
<arg>xpath://*[@id="header_container"]/div[2]/div[2]/span/span</arg>
<arg>NAME (Z TO A)</arg>
<doc>Verifies that element ``locator`` contains exact the text ``expected``.</doc>
<msg timestamp="20211214 20:04:30.320" level="INFO">Verifying element 'xpath://*[@id="header_container"]/div[2]/div[2]/span/span' contains exact text 'NAME (Z TO A)'.</msg>
<status status="PASS" starttime="20211214 20:04:30.320" endtime="20211214 20:04:30.341"/>
</kw>
<kw name="Close Browser" library="SeleniumLibrary" type="TEARDOWN">
<doc>Closes the current browser.</doc>
<status status="PASS" starttime="20211214 20:04:30.342" endtime="20211214 20:04:32.450"/>
</kw>
<status status="PASS" starttime="20211214 20:04:28.104" endtime="20211214 20:04:32.450"/>
</test>
<doc>A test suite with a single test for sort z to a

This test follows the example using keywords from
the SeleniumLibrary</doc>
<status status="PASS" starttime="20211214 20:04:28.100" endtime="20211214 20:04:32.452"/>
</suite>
<suite id="s1-s6" name="Successful Login" source="C:\Users\Allen\Desktop\Robot\tests\successful_login.robot">
<test id="s1-s6-t1" name="Successful Login">
<kw name="Open Browser" library="SeleniumLibrary">
<arg>https://www.saucedemo.com/</arg>
<arg>chrome</arg>
<doc>Opens a new browser instance to the optional ``url``.</doc>
<msg timestamp="20211214 20:04:32.462" level="INFO">Opening browser 'chrome' to base url 'https://www.saucedemo.com/'.</msg>
<status status="PASS" starttime="20211214 20:04:32.462" endtime="20211214 20:04:34.085"/>
</kw>
<kw name="Maximize Browser Window" library="SeleniumLibrary">
<doc>Maximizes current browser window.</doc>
<status status="PASS" starttime="20211214 20:04:34.088" endtime="20211214 20:04:34.208"/>
</kw>
<kw name="Page Should Contain Element" library="SeleniumLibrary">
<arg>login-button</arg>
<doc>Verifies that element ``locator`` is found on the current page.</doc>
<msg timestamp="20211214 20:04:34.239" level="INFO">Current page contains element 'login-button'.</msg>
<status status="PASS" starttime="20211214 20:04:34.208" endtime="20211214 20:04:34.241"/>
</kw>
<kw name="Input Text" library="SeleniumLibrary">
<arg>user-name</arg>
<arg>standard_user</arg>
<doc>Types the given ``text`` into the text field identified by ``locator``.</doc>
<msg timestamp="20211214 20:04:34.242" level="INFO">Typing text 'standard_user' into text field 'user-name'.</msg>
<status status="PASS" starttime="20211214 20:04:34.242" endtime="20211214 20:04:34.418"/>
</kw>
<kw name="Input Password" library="SeleniumLibrary">
<arg>password</arg>
<arg>secret_sauce</arg>
<doc>Types the given password into the text field identified by ``locator``.</doc>
<msg timestamp="20211214 20:04:34.419" level="INFO">Typing password into text field 'password'.</msg>
<msg timestamp="20211214 20:04:34.459" level="INFO">Temporally setting log level to: NONE</msg>
<msg timestamp="20211214 20:04:34.530" level="INFO">Log level changed from NONE to INFO.</msg>
<status status="PASS" starttime="20211214 20:04:34.418" endtime="20211214 20:04:34.531"/>
</kw>
<kw name="Click Button" library="SeleniumLibrary">
<arg>login-button</arg>
<doc>Clicks the button identified by ``locator``.</doc>
<msg timestamp="20211214 20:04:34.531" level="INFO">Clicking button 'login-button'.</msg>
<status status="PASS" starttime="20211214 20:04:34.531" endtime="20211214 20:04:34.659"/>
</kw>
<kw name="Element Text Should Be" library="SeleniumLibrary">
<arg>class:title</arg>
<arg>PRODUCTS</arg>
<doc>Verifies that element ``locator`` contains exact the text ``expected``.</doc>
<msg timestamp="20211214 20:04:34.660" level="INFO">Verifying element 'class:title' contains exact text 'PRODUCTS'.</msg>
<status status="PASS" starttime="20211214 20:04:34.659" endtime="20211214 20:04:34.699"/>
</kw>
<kw name="Close Browser" library="SeleniumLibrary" type="TEARDOWN">
<doc>Closes the current browser.</doc>
<status status="PASS" starttime="20211214 20:04:34.699" endtime="20211214 20:04:37.835"/>
</kw>
<status status="PASS" starttime="20211214 20:04:32.458" endtime="20211214 20:04:37.835"/>
</test>
<doc>A test suite with a single test for valid login

This test follows the example using keywords from
the SeleniumLibrary</doc>
<status status="PASS" starttime="20211214 20:04:32.454" endtime="20211214 20:04:37.837"/>
</suite>
<suite id="s1-s7" name="Unsuccessful Login" source="C:\Users\Allen\Desktop\Robot\tests\unsuccessful_login.robot">
<test id="s1-s7-t1" name="Unsuccessful Login">
<kw name="Open Browser" library="SeleniumLibrary">
<arg>https://www.saucedemo.com/</arg>
<arg>chrome</arg>
<doc>Opens a new browser instance to the optional ``url``.</doc>
<msg timestamp="20211214 20:04:37.847" level="INFO">Opening browser 'chrome' to base url 'https://www.saucedemo.com/'.</msg>
<status status="PASS" starttime="20211214 20:04:37.846" endtime="20211214 20:04:39.345"/>
</kw>
<kw name="Maximize Browser Window" library="SeleniumLibrary">
<doc>Maximizes current browser window.</doc>
<status status="PASS" starttime="20211214 20:04:39.347" endtime="20211214 20:04:39.471"/>
</kw>
<kw name="Page Should Contain Element" library="SeleniumLibrary">
<arg>login-button</arg>
<doc>Verifies that element ``locator`` is found on the current page.</doc>
<msg timestamp="20211214 20:04:39.502" level="INFO">Current page contains element 'login-button'.</msg>
<status status="PASS" starttime="20211214 20:04:39.474" endtime="20211214 20:04:39.502"/>
</kw>
<kw name="Input Text" library="SeleniumLibrary">
<arg>user-name</arg>
<arg>locked_out_user</arg>
<doc>Types the given ``text`` into the text field identified by ``locator``.</doc>
<msg timestamp="20211214 20:04:39.504" level="INFO">Typing text 'locked_out_user' into text field 'user-name'.</msg>
<status status="PASS" starttime="20211214 20:04:39.504" endtime="20211214 20:04:39.792"/>
</kw>
<kw name="Input Password" library="SeleniumLibrary">
<arg>password</arg>
<arg>secret_sauce</arg>
<doc>Types the given password into the text field identified by ``locator``.</doc>
<msg timestamp="20211214 20:04:39.794" level="INFO">Typing password into text field 'password'.</msg>
<msg timestamp="20211214 20:04:39.848" level="INFO">Temporally setting log level to: NONE</msg>
<msg timestamp="20211214 20:04:39.906" level="INFO">Log level changed from NONE to INFO.</msg>
<status status="PASS" starttime="20211214 20:04:39.793" endtime="20211214 20:04:39.907"/>
</kw>
<kw name="Click Button" library="SeleniumLibrary">
<arg>login-button</arg>
<doc>Clicks the button identified by ``locator``.</doc>
<msg timestamp="20211214 20:04:39.908" level="INFO">Clicking button 'login-button'.</msg>
<status status="PASS" starttime="20211214 20:04:39.907" endtime="20211214 20:04:39.967"/>
</kw>
<kw name="Element Text Should Be" library="SeleniumLibrary">
<arg>xpath://*[@id="login_button_container"]/div/form/div[3]/h3</arg>
<arg>Epic sadface: Sorry, this user has been locked out.</arg>
<doc>Verifies that element ``locator`` contains exact the text ``expected``.</doc>
<msg timestamp="20211214 20:04:39.967" level="INFO">Verifying element 'xpath://*[@id="login_button_container"]/div/form/div[3]/h3' contains exact text 'Epic sadface: Sorry, this user has been locked out.'.</msg>
<status status="PASS" starttime="20211214 20:04:39.967" endtime="20211214 20:04:39.992"/>
</kw>
<kw name="Close Browser" library="SeleniumLibrary" type="TEARDOWN">
<doc>Closes the current browser.</doc>
<status status="PASS" starttime="20211214 20:04:39.993" endtime="20211214 20:04:42.144"/>
</kw>
<status status="PASS" starttime="20211214 20:04:37.844" endtime="20211214 20:04:42.144"/>
</test>
<doc>A test suite with a single test for locked out login

This test follows the example using keywords from
the SeleniumLibrary</doc>
<status status="PASS" starttime="20211214 20:04:37.839" endtime="20211214 20:04:42.146"/>
</suite>
<suite id="s1-s8" name="Wrong Password" source="C:\Users\Allen\Desktop\Robot\tests\wrong_password.robot">
<test id="s1-s8-t1" name="Wrong Password">
<kw name="Open Browser" library="SeleniumLibrary">
<arg>https://www.saucedemo.com/</arg>
<arg>chrome</arg>
<doc>Opens a new browser instance to the optional ``url``.</doc>
<msg timestamp="20211214 20:04:42.156" level="INFO">Opening browser 'chrome' to base url 'https://www.saucedemo.com/'.</msg>
<status status="PASS" starttime="20211214 20:04:42.155" endtime="20211214 20:04:43.869"/>
</kw>
<kw name="Maximize Browser Window" library="SeleniumLibrary">
<doc>Maximizes current browser window.</doc>
<status status="PASS" starttime="20211214 20:04:43.872" endtime="20211214 20:04:44.001"/>
</kw>
<kw name="Page Should Contain Element" library="SeleniumLibrary">
<arg>login-button</arg>
<doc>Verifies that element ``locator`` is found on the current page.</doc>
<msg timestamp="20211214 20:04:44.031" level="INFO">Current page contains element 'login-button'.</msg>
<status status="PASS" starttime="20211214 20:04:44.001" endtime="20211214 20:04:44.031"/>
</kw>
<kw name="Input Text" library="SeleniumLibrary">
<arg>user-name</arg>
<arg>standard_user</arg>
<doc>Types the given ``text`` into the text field identified by ``locator``.</doc>
<msg timestamp="20211214 20:04:44.035" level="INFO">Typing text 'standard_user' into text field 'user-name'.</msg>
<status status="PASS" starttime="20211214 20:04:44.035" endtime="20211214 20:04:44.217"/>
</kw>
<kw name="Input Password" library="SeleniumLibrary">
<arg>password</arg>
<arg>secret</arg>
<doc>Types the given password into the text field identified by ``locator``.</doc>
<msg timestamp="20211214 20:04:44.218" level="INFO">Typing password into text field 'password'.</msg>
<msg timestamp="20211214 20:04:44.273" level="INFO">Temporally setting log level to: NONE</msg>
<msg timestamp="20211214 20:04:44.327" level="INFO">Log level changed from NONE to INFO.</msg>
<status status="PASS" starttime="20211214 20:04:44.217" endtime="20211214 20:04:44.327"/>
</kw>
<kw name="Click Button" library="SeleniumLibrary">
<arg>login-button</arg>
<doc>Clicks the button identified by ``locator``.</doc>
<msg timestamp="20211214 20:04:44.328" level="INFO">Clicking button 'login-button'.</msg>
<status status="PASS" starttime="20211214 20:04:44.328" endtime="20211214 20:04:44.413"/>
</kw>
<kw name="Element Text Should Be" library="SeleniumLibrary">
<arg>css:*[data-test="error"]</arg>
<arg>Epic sadface: Username and password do not match any user in this service</arg>
<doc>Verifies that element ``locator`` contains exact the text ``expected``.</doc>
<msg timestamp="20211214 20:04:44.414" level="INFO">Verifying element 'css:*[data-test="error"]' contains exact text 'Epic sadface: Username and password do not match any user in this service'.</msg>
<status status="PASS" starttime="20211214 20:04:44.414" endtime="20211214 20:04:44.441"/>
</kw>
<kw name="Close Browser" library="SeleniumLibrary" type="TEARDOWN">
<doc>Closes the current browser.</doc>
<status status="PASS" starttime="20211214 20:04:44.441" endtime="20211214 20:04:46.585"/>
</kw>
<status status="PASS" starttime="20211214 20:04:42.153" endtime="20211214 20:04:46.585"/>
</test>
<doc>A test suite with a single test for wrong password

This test follows the example using keywords from
the SeleniumLibrary</doc>
<status status="PASS" starttime="20211214 20:04:42.148" endtime="20211214 20:04:46.587"/>
</suite>
<status status="PASS" starttime="20211214 20:04:10.211" endtime="20211214 20:04:46.589"/>
</suite>
<statistics>
<total>
<stat pass="8" fail="0" skip="0">All Tests</stat>
</total>
<tag>
</tag>
<suite>
<stat pass="8" fail="0" skip="0" id="s1" name="Tests">Tests</stat>
<stat pass="1" fail="0" skip="0" id="s1-s1" name="Logged In As Problem">Tests.Logged In As Problem</stat>
<stat pass="1" fail="0" skip="0" id="s1-s2" name="sort AtoZ">Tests.sort AtoZ</stat>
<stat pass="1" fail="0" skip="0" id="s1-s3" name="Sort Hightolow">Tests.Sort Hightolow</stat>
<stat pass="1" fail="0" skip="0" id="s1-s4" name="Sort Lowtohigh">Tests.Sort Lowtohigh</stat>
<stat pass="1" fail="0" skip="0" id="s1-s5" name="sort ZtoA">Tests.sort ZtoA</stat>
<stat pass="1" fail="0" skip="0" id="s1-s6" name="Successful Login">Tests.Successful Login</stat>
<stat pass="1" fail="0" skip="0" id="s1-s7" name="Unsuccessful Login">Tests.Unsuccessful Login</stat>
<stat pass="1" fail="0" skip="0" id="s1-s8" name="Wrong Password">Tests.Wrong Password</stat>
</suite>
</statistics>
<errors>
</errors>
</robot>
